<?xml version="1.0" encoding="UTF-8"?>
<!-- Generated by org.testng.reporters.JUnitReportReporter -->
<testsuite hostname="DESKTOP-T6L47BI" failures="0" tests="1" name="live.AA_TestClass" time="4.917" errors="0" timestamp="2025-06-13T12:19:12 IST" skipped="0">
  <testcase classname="live.AA_TestClass" name="checkTraslation" time="4.917"/>
  <system-out>
    <![CDATA[logout successfully. ]]>
  </system-out>
</testsuite> <!-- live.AA_TestClass -->
