<?xml version="1.0" encoding="UTF-8"?>
<!-- Generated by org.testng.reporters.JUnitReportReporter -->
<testsuite hostname="DESKTOP-T6L47BI" failures="0" tests="2" name="live.AA_TestClass" time="427.138" errors="2" timestamp="2025-05-09T10:53:50 IST" skipped="0">
  <testcase classname="live.AA_TestClass" name="checkTraslation" time="150.022">
    <error message="Cannot invoke &quot;org.apache.poi.xssf.usermodel.XSSFCell.getStringCellValue()&quot; because the return value of &quot;org.apache.poi.xssf.usermodel.XSSFRow.getCell(int)&quot; is null" type="java.lang.NullPointerException">
      <![CDATA[java.lang.NullPointerException: Cannot invoke "org.apache.poi.xssf.usermodel.XSSFCell.getStringCellValue()" because the return value of "org.apache.poi.xssf.usermodel.XSSFRow.getCell(int)" is null
at live.D_traslation.checkTraslation(D_traslation.java:645)
at live.AA_TestClass.checkTraslation(AA_TestClass.java:67)
at java.base/jdk.internal.reflect.NativeMethodAccessorImpl.invoke0(Native Method)
at java.base/jdk.internal.reflect.NativeMethodAccessorImpl.invoke(NativeMethodAccessorImpl.java:77)
at java.base/jdk.internal.reflect.DelegatingMethodAccessorImpl.invoke(DelegatingMethodAccessorImpl.java:43)
at java.base/java.lang.reflect.Method.invoke(Method.java:568)
at org.testng.internal.invokers.MethodInvocationHelper.invokeMethod(MethodInvocationHelper.java:139)
at org.testng.internal.invokers.TestInvoker.invokeMethod(TestInvoker.java:664)
at org.testng.internal.invokers.TestInvoker.invokeTestMethod(TestInvoker.java:228)
at org.testng.internal.invokers.MethodRunner.runInSequence(MethodRunner.java:63)
at org.testng.internal.invokers.TestInvoker$MethodInvocationAgent.invoke(TestInvoker.java:961)
at org.testng.internal.invokers.TestInvoker.invokeTestMethods(TestInvoker.java:201)
at org.testng.internal.invokers.TestMethodWorker.invokeTestMethods(TestMethodWorker.java:148)
at org.testng.internal.invokers.TestMethodWorker.run(TestMethodWorker.java:128)
at java.base/java.util.ArrayList.forEach(ArrayList.java:1511)
at org.testng.TestRunner.privateRun(TestRunner.java:819)
at org.testng.TestRunner.run(TestRunner.java:619)
at org.testng.SuiteRunner.runTest(SuiteRunner.java:443)
at org.testng.SuiteRunner.runSequentially(SuiteRunner.java:437)
at org.testng.SuiteRunner.privateRun(SuiteRunner.java:397)
at org.testng.SuiteRunner.run(SuiteRunner.java:336)
at org.testng.SuiteRunnerWorker.runSuite(SuiteRunnerWorker.java:52)
at org.testng.SuiteRunnerWorker.run(SuiteRunnerWorker.java:95)
at org.testng.TestNG.runSuitesSequentially(TestNG.java:1301)
at org.testng.TestNG.runSuitesLocally(TestNG.java:1228)
at org.testng.TestNG.runSuites(TestNG.java:1134)
at org.testng.TestNG.run(TestNG.java:1101)
at org.testng.remote.AbstractRemoteTestNG.run(AbstractRemoteTestNG.java:115)
at org.testng.remote.RemoteTestNG.initAndRun(RemoteTestNG.java:251)
at org.testng.remote.RemoteTestNG.main(RemoteTestNG.java:77)
]]>
    </error>
    <system-out>
      <![CDATA[WEBER RESCUE Hubtrue
TRASLATION NO-1
Product Name > WEBER RESCUE Hub
Translation category > Weber
Key > device_device_details_popover_filter_date_this_month
English traslation > This month
Deutsch traslation > Diesen Monat
**************** 
The text match with deutsch traslation.
**************** 
 
 
TRASLATION NO-2
Product Name > WEBER RESCUE Hub
Translation category > Genesis
Key > device_device_details_popover_filter_date_this_month
English traslation > This month
Deutsch traslation > Diesen Monat
**************** 
The text match with deutsch traslation.
**************** 
 
 
TRASLATION NO-3
Product Name > WEBER RESCUE Hub
Translation category > Weber
Key > device_device_details_popover_filter_date_last_month
English traslation > Last month
Deutsch traslation > Letzten Monat
**************** 
The text match with english traslation.
**************** 
 
 
TRASLATION NO-4
Product Name > WEBER RESCUE Hub
Translation category > Genesis
Key > device_device_details_popover_filter_date_last_month
English traslation > Last month
Deutsch traslation > Letzten Monat
**************** 
The text match with english traslation.
**************** 
 
 
TRASLATION NO-5
Product Name > WEBER RESCUE Hub
Translation category > Weber
Key > device_device_details_popover_filter_date_this_year
English traslation > This year
Deutsch traslation > Dieses Jahr
**************** 
The text does not match with any one.
 
expected >This year
Actual >Cette année
**************** 
 
 
TRASLATION NO-6
Product Name > WEBER RESCUE Hub
Translation category > Genesis
Key > device_device_details_popover_filter_date_this_year
English traslation > This year
Deutsch traslation > Dieses Jahr
**************** 
The text does not match with any one.
 
expected >This year
Actual >Cette année
**************** 
 
 
TRASLATION NO-7
Product Name > WEBER RESCUE Hub
Translation category > Weber
Key > device_device_details_popover_filter_date_last_year
English traslation > Last year
Deutsch traslation > Letztes Jahr
**************** 
The text does not match with any one.
 
expected >Last year
Actual >El año pasado
**************** 
 
 
TRASLATION NO-8
Product Name > WEBER RESCUE Hub
Translation category > Genesis
Key > device_device_details_popover_filter_date_last_year
English traslation > Last year
Deutsch traslation > Letztes Jahr
**************** 
The text does not match with any one.
 
expected >Last year
Actual >El año pasado
**************** 
 
 
TRASLATION NO-9
Product Name > WEBER RESCUE Hub
Translation category > Weber
Key > device_device_details_popover_filter_date_custom_date
English traslation > Custom date
Deutsch traslation > Benutzerdefiniertes Datum
**************** 
The text does not match with any one.
 
expected >Custom date
Actual >カスタム日付
**************** 
 
 
TRASLATION NO-10
Product Name > WEBER RESCUE Hub
Translation category > Genesis
Key > device_device_details_popover_filter_date_custom_date
English traslation > Custom date
Deutsch traslation > Benutzerdefiniertes Datum
**************** 
The text does not match with any one.
 
expected >Custom date
Actual >カスタム日付
**************** 
 
 
TRASLATION NO-11]]>
    </system-out>
  </testcase> <!-- checkTraslation -->
  <testcase classname="live.AA_TestClass" name="addTraslation" time="277.116">
    <error message="Cannot invoke &quot;org.apache.poi.xssf.usermodel.XSSFCell.getStringCellValue()&quot; because the return value of &quot;org.apache.poi.xssf.usermodel.XSSFRow.getCell(int)&quot; is null" type="java.lang.NullPointerException">
      <![CDATA[java.lang.NullPointerException: Cannot invoke "org.apache.poi.xssf.usermodel.XSSFCell.getStringCellValue()" because the return value of "org.apache.poi.xssf.usermodel.XSSFRow.getCell(int)" is null
at live.D_traslation.addTraslation(D_traslation.java:260)
at live.AA_TestClass.addTraslation(AA_TestClass.java:53)
at java.base/jdk.internal.reflect.NativeMethodAccessorImpl.invoke0(Native Method)
at java.base/jdk.internal.reflect.NativeMethodAccessorImpl.invoke(NativeMethodAccessorImpl.java:77)
at java.base/jdk.internal.reflect.DelegatingMethodAccessorImpl.invoke(DelegatingMethodAccessorImpl.java:43)
at java.base/java.lang.reflect.Method.invoke(Method.java:568)
at org.testng.internal.invokers.MethodInvocationHelper.invokeMethod(MethodInvocationHelper.java:139)
at org.testng.internal.invokers.TestInvoker.invokeMethod(TestInvoker.java:664)
at org.testng.internal.invokers.TestInvoker.invokeTestMethod(TestInvoker.java:228)
at org.testng.internal.invokers.MethodRunner.runInSequence(MethodRunner.java:63)
at org.testng.internal.invokers.TestInvoker$MethodInvocationAgent.invoke(TestInvoker.java:961)
at org.testng.internal.invokers.TestInvoker.invokeTestMethods(TestInvoker.java:201)
at org.testng.internal.invokers.TestMethodWorker.invokeTestMethods(TestMethodWorker.java:148)
at org.testng.internal.invokers.TestMethodWorker.run(TestMethodWorker.java:128)
at java.base/java.util.ArrayList.forEach(ArrayList.java:1511)
at org.testng.TestRunner.privateRun(TestRunner.java:819)
at org.testng.TestRunner.run(TestRunner.java:619)
at org.testng.SuiteRunner.runTest(SuiteRunner.java:443)
at org.testng.SuiteRunner.runSequentially(SuiteRunner.java:437)
at org.testng.SuiteRunner.privateRun(SuiteRunner.java:397)
at org.testng.SuiteRunner.run(SuiteRunner.java:336)
at org.testng.SuiteRunnerWorker.runSuite(SuiteRunnerWorker.java:52)
at org.testng.SuiteRunnerWorker.run(SuiteRunnerWorker.java:95)
at org.testng.TestNG.runSuitesSequentially(TestNG.java:1301)
at org.testng.TestNG.runSuitesLocally(TestNG.java:1228)
at org.testng.TestNG.runSuites(TestNG.java:1134)
at org.testng.TestNG.run(TestNG.java:1101)
at org.testng.remote.AbstractRemoteTestNG.run(AbstractRemoteTestNG.java:115)
at org.testng.remote.RemoteTestNG.initAndRun(RemoteTestNG.java:251)
at org.testng.remote.RemoteTestNG.main(RemoteTestNG.java:77)
]]>
    </error>
    <system-out>
      <![CDATA[Weber rescue hubtrue
TRASLATION NO-1
Product Name > WEBER RESCUE Hub
Product Application Name > Weber
Translation category > App - Device
Translation Sub category > Devcie Details 
Key > device_device_details_popover_filter_date_this_month
English traslation > This month
Deutsch traslation > Diesen Monat
Spanish traslation > Este mes
French traslation > Ce mois-ci
Slovenian traslation > Ta mesec
Japanese traslation > 今月
weber traslation added
 
TRASLATION NO-2
Product Name > WEBER RESCUE Hub
Product Application Name > Genesis
Translation category > App - Device
Translation Sub category > Devcie Details 
Key > device_device_details_popover_filter_date_this_month
English traslation > This month
Genesis traslation added
Genesis traslation added
 
TRASLATION NO-3
Product Name > WEBER RESCUE Hub
Product Application Name > Weber
Translation category > App - Device
Translation Sub category > Devcie Details 
Key > device_device_details_popover_filter_date_last_month
English traslation > Last month
Deutsch traslation > Letzten Monat
Spanish traslation > El mes pasado
French traslation > Le mois dernier
Slovenian traslation > Prejšnji mesec
Japanese traslation > 先月
weber traslation added
 
TRASLATION NO-4
Product Name > WEBER RESCUE Hub
Product Application Name > Genesis
Translation category > App - Device
Translation Sub category > Devcie Details 
Key > device_device_details_popover_filter_date_last_month
English traslation > Last month
Genesis traslation added
Genesis traslation added
 
TRASLATION NO-5
Product Name > WEBER RESCUE Hub
Product Application Name > Weber
Translation category > App - Device
Translation Sub category > Devcie Details 
Key > device_device_details_popover_filter_date_this_year
English traslation > This year
Deutsch traslation > Dieses Jahr
Spanish traslation > Este año
French traslation > Cette année
Slovenian traslation > Letos
Japanese traslation > 今年
weber traslation added
 
TRASLATION NO-6
Product Name > WEBER RESCUE Hub
Product Application Name > Genesis
Translation category > App - Device
Translation Sub category > Devcie Details 
Key > device_device_details_popover_filter_date_this_year
English traslation > This year
Genesis traslation added
Genesis traslation added
 
TRASLATION NO-7
Product Name > WEBER RESCUE Hub
Product Application Name > Weber
Translation category > App - Device
Translation Sub category > Devcie Details 
Key > device_device_details_popover_filter_date_last_year
English traslation > Last year
Deutsch traslation > Letztes Jahr
Spanish traslation > El año pasado
French traslation > L'année dernière
Slovenian traslation > Lansko leto
Japanese traslation > 昨年
weber traslation added
 
TRASLATION NO-8
Product Name > WEBER RESCUE Hub
Product Application Name > Genesis
Translation category > App - Device
Translation Sub category > Devcie Details 
Key > device_device_details_popover_filter_date_last_year
English traslation > Last year
Genesis traslation added
Genesis traslation added
 
TRASLATION NO-9
Product Name > WEBER RESCUE Hub
Product Application Name > Weber
Translation category > App - Device
Translation Sub category > Devcie Details 
Key > device_device_details_popover_filter_date_custom_date
English traslation > Custom date
Deutsch traslation > Benutzerdefiniertes Datum
Spanish traslation > Fecha personalizada
French traslation > Date personnalisée
Slovenian traslation > Datum po meri
Japanese traslation > カスタム日付
weber traslation added
 
TRASLATION NO-10
Product Name > WEBER RESCUE Hub
Product Application Name > Genesis
Translation category > App - Device
Translation Sub category > Devcie Details 
Key > device_device_details_popover_filter_date_custom_date
English traslation > Custom date
Genesis traslation added
Genesis traslation added
 ]]>
    </system-out>
  </testcase> <!-- addTraslation -->
  <system-out>
    <![CDATA[WEBER RESCUE Hubtrue
TRASLATION NO-1
Product Name > WEBER RESCUE Hub
Translation category > Weber
Key > device_device_details_popover_filter_date_this_month
English traslation > This month
Deutsch traslation > Diesen Monat
**************** 
The text match with deutsch traslation.
**************** 
 
 
TRASLATION NO-2
Product Name > WEBER RESCUE Hub
Translation category > Genesis
Key > device_device_details_popover_filter_date_this_month
English traslation > This month
Deutsch traslation > Diesen Monat
**************** 
The text match with deutsch traslation.
**************** 
 
 
TRASLATION NO-3
Product Name > WEBER RESCUE Hub
Translation category > Weber
Key > device_device_details_popover_filter_date_last_month
English traslation > Last month
Deutsch traslation > Letzten Monat
**************** 
The text match with english traslation.
**************** 
 
 
TRASLATION NO-4
Product Name > WEBER RESCUE Hub
Translation category > Genesis
Key > device_device_details_popover_filter_date_last_month
English traslation > Last month
Deutsch traslation > Letzten Monat
**************** 
The text match with english traslation.
**************** 
 
 
TRASLATION NO-5
Product Name > WEBER RESCUE Hub
Translation category > Weber
Key > device_device_details_popover_filter_date_this_year
English traslation > This year
Deutsch traslation > Dieses Jahr
**************** 
The text does not match with any one.
 
expected >This year
Actual >Cette année
**************** 
 
 
TRASLATION NO-6
Product Name > WEBER RESCUE Hub
Translation category > Genesis
Key > device_device_details_popover_filter_date_this_year
English traslation > This year
Deutsch traslation > Dieses Jahr
**************** 
The text does not match with any one.
 
expected >This year
Actual >Cette année
**************** 
 
 
TRASLATION NO-7
Product Name > WEBER RESCUE Hub
Translation category > Weber
Key > device_device_details_popover_filter_date_last_year
English traslation > Last year
Deutsch traslation > Letztes Jahr
**************** 
The text does not match with any one.
 
expected >Last year
Actual >El año pasado
**************** 
 
 
TRASLATION NO-8
Product Name > WEBER RESCUE Hub
Translation category > Genesis
Key > device_device_details_popover_filter_date_last_year
English traslation > Last year
Deutsch traslation > Letztes Jahr
**************** 
The text does not match with any one.
 
expected >Last year
Actual >El año pasado
**************** 
 
 
TRASLATION NO-9
Product Name > WEBER RESCUE Hub
Translation category > Weber
Key > device_device_details_popover_filter_date_custom_date
English traslation > Custom date
Deutsch traslation > Benutzerdefiniertes Datum
**************** 
The text does not match with any one.
 
expected >Custom date
Actual >カスタム日付
**************** 
 
 
TRASLATION NO-10
Product Name > WEBER RESCUE Hub
Translation category > Genesis
Key > device_device_details_popover_filter_date_custom_date
English traslation > Custom date
Deutsch traslation > Benutzerdefiniertes Datum
**************** 
The text does not match with any one.
 
expected >Custom date
Actual >カスタム日付
**************** 
 
 
TRASLATION NO-11
Weber rescue hubtrue
TRASLATION NO-1
Product Name > WEBER RESCUE Hub
Product Application Name > Weber
Translation category > App - Device
Translation Sub category > Devcie Details 
Key > device_device_details_popover_filter_date_this_month
English traslation > This month
Deutsch traslation > Diesen Monat
Spanish traslation > Este mes
French traslation > Ce mois-ci
Slovenian traslation > Ta mesec
Japanese traslation > 今月
weber traslation added
 
TRASLATION NO-2
Product Name > WEBER RESCUE Hub
Product Application Name > Genesis
Translation category > App - Device
Translation Sub category > Devcie Details 
Key > device_device_details_popover_filter_date_this_month
English traslation > This month
Genesis traslation added
Genesis traslation added
 
TRASLATION NO-3
Product Name > WEBER RESCUE Hub
Product Application Name > Weber
Translation category > App - Device
Translation Sub category > Devcie Details 
Key > device_device_details_popover_filter_date_last_month
English traslation > Last month
Deutsch traslation > Letzten Monat
Spanish traslation > El mes pasado
French traslation > Le mois dernier
Slovenian traslation > Prejšnji mesec
Japanese traslation > 先月
weber traslation added
 
TRASLATION NO-4
Product Name > WEBER RESCUE Hub
Product Application Name > Genesis
Translation category > App - Device
Translation Sub category > Devcie Details 
Key > device_device_details_popover_filter_date_last_month
English traslation > Last month
Genesis traslation added
Genesis traslation added
 
TRASLATION NO-5
Product Name > WEBER RESCUE Hub
Product Application Name > Weber
Translation category > App - Device
Translation Sub category > Devcie Details 
Key > device_device_details_popover_filter_date_this_year
English traslation > This year
Deutsch traslation > Dieses Jahr
Spanish traslation > Este año
French traslation > Cette année
Slovenian traslation > Letos
Japanese traslation > 今年
weber traslation added
 
TRASLATION NO-6
Product Name > WEBER RESCUE Hub
Product Application Name > Genesis
Translation category > App - Device
Translation Sub category > Devcie Details 
Key > device_device_details_popover_filter_date_this_year
English traslation > This year
Genesis traslation added
Genesis traslation added
 
TRASLATION NO-7
Product Name > WEBER RESCUE Hub
Product Application Name > Weber
Translation category > App - Device
Translation Sub category > Devcie Details 
Key > device_device_details_popover_filter_date_last_year
English traslation > Last year
Deutsch traslation > Letztes Jahr
Spanish traslation > El año pasado
French traslation > L'année dernière
Slovenian traslation > Lansko leto
Japanese traslation > 昨年
weber traslation added
 
TRASLATION NO-8
Product Name > WEBER RESCUE Hub
Product Application Name > Genesis
Translation category > App - Device
Translation Sub category > Devcie Details 
Key > device_device_details_popover_filter_date_last_year
English traslation > Last year
Genesis traslation added
Genesis traslation added
 
TRASLATION NO-9
Product Name > WEBER RESCUE Hub
Product Application Name > Weber
Translation category > App - Device
Translation Sub category > Devcie Details 
Key > device_device_details_popover_filter_date_custom_date
English traslation > Custom date
Deutsch traslation > Benutzerdefiniertes Datum
Spanish traslation > Fecha personalizada
French traslation > Date personnalisée
Slovenian traslation > Datum po meri
Japanese traslation > カスタム日付
weber traslation added
 
TRASLATION NO-10
Product Name > WEBER RESCUE Hub
Product Application Name > Genesis
Translation category > App - Device
Translation Sub category > Devcie Details 
Key > device_device_details_popover_filter_date_custom_date
English traslation > Custom date
Genesis traslation added
Genesis traslation added
 
logout successfully. ]]>
  </system-out>
</testsuite> <!-- live.AA_TestClass -->
