<?xml version="1.0" encoding="UTF-8"?>
<!-- Generated by org.testng.reporters.JUnitReportReporter -->
<testsuite hostname="DESKTOP-T6L47BI" failures="0" tests="1" name="live.AA_TestClass" time="1661.596" errors="1" timestamp="2025-07-14T16:45:39 IST" skipped="0">
  <testcase classname="live.AA_TestClass" name="addTraslation" time="1661.596">
    <error message="Cannot locate option with text: 
For documentation on this error, please visit: https://www.selenium.dev/documentation/webdriver/troubleshooting/errors#no-such-element-exception
Build info: version: &#039;4.17.0&#039;, revision: &#039;e52b1be057*&#039;
System info: os.name: &#039;Windows 11&#039;, os.arch: &#039;amd64&#039;, os.version: &#039;10.0&#039;, java.version: &#039;17.0.9&#039;
Driver info: driver.version: unknown" type="org.openqa.selenium.NoSuchElementException">
      <![CDATA[org.openqa.selenium.NoSuchElementException: Cannot locate option with text: 
For documentation on this error, please visit: https://www.selenium.dev/documentation/webdriver/troubleshooting/errors#no-such-element-exception
Build info: version: '4.17.0', revision: 'e52b1be057*'
System info: os.name: 'Windows 11', os.arch: 'amd64', os.version: '10.0', java.version: '17.0.9'
Driver info: driver.version: unknown
at org.openqa.selenium.support.ui.Select.selectByVisibleText(Select.java:153)
at live.D_traslation.addTraslation(D_traslation.java:306)
at live.AA_TestClass.addTraslation(AA_TestClass.java:53)
at java.base/jdk.internal.reflect.NativeMethodAccessorImpl.invoke0(Native Method)
at java.base/jdk.internal.reflect.NativeMethodAccessorImpl.invoke(NativeMethodAccessorImpl.java:77)
at java.base/jdk.internal.reflect.DelegatingMethodAccessorImpl.invoke(DelegatingMethodAccessorImpl.java:43)
at java.base/java.lang.reflect.Method.invoke(Method.java:568)
at org.testng.internal.invokers.MethodInvocationHelper.invokeMethod(MethodInvocationHelper.java:139)
at org.testng.internal.invokers.TestInvoker.invokeMethod(TestInvoker.java:664)
at org.testng.internal.invokers.TestInvoker.invokeTestMethod(TestInvoker.java:228)
at org.testng.internal.invokers.MethodRunner.runInSequence(MethodRunner.java:63)
at org.testng.internal.invokers.TestInvoker$MethodInvocationAgent.invoke(TestInvoker.java:961)
at org.testng.internal.invokers.TestInvoker.invokeTestMethods(TestInvoker.java:201)
at org.testng.internal.invokers.TestMethodWorker.invokeTestMethods(TestMethodWorker.java:148)
at org.testng.internal.invokers.TestMethodWorker.run(TestMethodWorker.java:128)
at java.base/java.util.ArrayList.forEach(ArrayList.java:1511)
at org.testng.TestRunner.privateRun(TestRunner.java:819)
at org.testng.TestRunner.run(TestRunner.java:619)
at org.testng.SuiteRunner.runTest(SuiteRunner.java:443)
at org.testng.SuiteRunner.runSequentially(SuiteRunner.java:437)
at org.testng.SuiteRunner.privateRun(SuiteRunner.java:397)
at org.testng.SuiteRunner.run(SuiteRunner.java:336)
at org.testng.SuiteRunnerWorker.runSuite(SuiteRunnerWorker.java:52)
at org.testng.SuiteRunnerWorker.run(SuiteRunnerWorker.java:95)
at org.testng.TestNG.runSuitesSequentially(TestNG.java:1301)
at org.testng.TestNG.runSuitesLocally(TestNG.java:1228)
at org.testng.TestNG.runSuites(TestNG.java:1134)
at org.testng.TestNG.run(TestNG.java:1101)
at org.testng.remote.AbstractRemoteTestNG.run(AbstractRemoteTestNG.java:115)
at org.testng.remote.RemoteTestNG.initAndRun(RemoteTestNG.java:251)
at org.testng.remote.RemoteTestNG.main(RemoteTestNG.java:77)
]]>
    </error>
    <system-out>
      <![CDATA[Adding Translation To Weber rescue hub
Total Traslation Available in sheet-40.0
 TRASLATION NO-1
Key > device_service_recommendation_test_note_one_many_use_without_test
>>>>> New Weber translation added successfully.<<<<<
>>>>> Genesis Translation already exists.<<<<<
|--------------------------------------------------------------------| 
 
 TRASLATION NO-2
Key > device_service_recommendation_note_two_service_date_expired
>>>>> Weber Translation already exists.<<<<<
>>>>> Genesis Translation already exists.<<<<<
|--------------------------------------------------------------------| 
 
 TRASLATION NO-3
Key > device_service_recommendation_note_three_service_date_expired_more_than_365_days
>>>>> Weber Translation already exists.<<<<<
>>>>> Genesis Translation already exists.<<<<<
|--------------------------------------------------------------------| 
 
 TRASLATION NO-4
Key > device_service_recommendation_note_four_yellow_flag_repeat
>>>>> Weber Translation already exists.<<<<<
>>>>> Genesis Translation already exists.<<<<<
|--------------------------------------------------------------------| 
 
 TRASLATION NO-5
Key > device_service_recommendation_note_five_last_result_red_flag
>>>>> Weber Translation already exists.<<<<<
>>>>> Genesis Translation already exists.<<<<<
|--------------------------------------------------------------------| 
 
 TRASLATION NO-6
Key > service_recommendation_device_not_found_message
>>>>> New Weber translation added successfully.<<<<<
>>>>> New Genesis translation added successfully.<<<<<
|--------------------------------------------------------------------| 
 
 TRASLATION NO-7
Key > service_dashboard_setting_record_not_found_message
>>>>> New Weber translation added successfully.<<<<<
>>>>> New Genesis translation added successfully.<<<<<
|--------------------------------------------------------------------| 
 
 TRASLATION NO-8
Key > service_dashboard_setting_record_found_success_message
>>>>> New Weber translation added successfully.<<<<<
>>>>> New Genesis translation added successfully.<<<<<
|--------------------------------------------------------------------| 
 
 TRASLATION NO-9
Key > service_dashboard_setting_id_required
>>>>> New Weber translation added successfully.<<<<<
>>>>> New Genesis translation added successfully.<<<<<
|--------------------------------------------------------------------| 
 
 TRASLATION NO-10
Key > service_dashboard_setting_record_updated_success_message
>>>>> New Weber translation added successfully.<<<<<
>>>>> New Genesis translation added successfully.<<<<<
|--------------------------------------------------------------------| 
 
 TRASLATION NO-11
Key > service_dashboard_setting_not_updated_message
>>>>> New Weber translation added successfully.<<<<<
>>>>> New Genesis translation added successfully.<<<<<
|--------------------------------------------------------------------| 
 
 TRASLATION NO-12
Key > filter_dropdown_options_found_success_message
>>>>> New Weber translation added successfully.<<<<<
>>>>> New Genesis translation added successfully.<<<<<
|--------------------------------------------------------------------| 
 
 TRASLATION NO-13
Key > custom_filter_name_is_required_message
>>>>> New Weber translation added successfully.<<<<<
>>>>> New Genesis translation added successfully.<<<<<
|--------------------------------------------------------------------| 
 
 TRASLATION NO-14
Key > custom_filter_name_is_already_exist
>>>>> New Weber translation added successfully.<<<<<
>>>>> New Genesis translation added successfully.<<<<<
|--------------------------------------------------------------------| 
 
 TRASLATION NO-15
Key > custom_filter_record_save_success_msg
>>>>> New Weber translation added successfully.<<<<<
>>>>> New Genesis translation added successfully.<<<<<
|--------------------------------------------------------------------| 
 
 TRASLATION NO-16
Key > custom_filter_record_fetched_success_msg
>>>>> New Weber translation added successfully.<<<<<
>>>>> New Genesis translation added successfully.<<<<<
|--------------------------------------------------------------------| 
 
 TRASLATION NO-17
Key > custom_filter_delete_failed
>>>>> New Weber translation added successfully.<<<<<
>>>>> New Genesis translation added successfully.<<<<<
|--------------------------------------------------------------------| 
 
 TRASLATION NO-18
Key > custom_filter_id_required
>>>>> New Weber translation added successfully.<<<<<
>>>>> New Genesis translation added successfully.<<<<<
|--------------------------------------------------------------------| 
 
 TRASLATION NO-19
Key > filter_dropdown_options_device_record_not_found
>>>>> New Weber translation added successfully.<<<<<
>>>>> New Genesis translation added successfully.<<<<<
|--------------------------------------------------------------------| 
 
 TRASLATION NO-20
Key > filter_dropdown_options_fetch_success
>>>>> New Weber translation added successfully.<<<<<
>>>>> New Genesis translation added successfully.<<<<<
|--------------------------------------------------------------------| 
 
 TRASLATION NO-21
Key > check_box_select_device_Ids_missing
>>>>> New Weber translation added successfully.<<<<<
>>>>> New Genesis translation added successfully.<<<<<
|--------------------------------------------------------------------| 
 
 TRASLATION NO-22
Key > check_box_select_device_ids_save_success_message
>>>>> New Weber translation added successfully.<<<<<
>>>>> New Genesis translation added successfully.<<<<<
|--------------------------------------------------------------------| 
 
 TRASLATION NO-23
Key > check_box_select_device_ids_save_success_message
>>>>> Weber Translation already exists.<<<<<
>>>>> Genesis Translation already exists.<<<<<
|--------------------------------------------------------------------| 
 
 TRASLATION NO-24
Key > check_box_select_device_records_not_found
>>>>> New Weber translation added successfully.<<<<<
>>>>> New Genesis translation added successfully.<<<<<
|--------------------------------------------------------------------| 
 
 TRASLATION NO-25
Key > check_box_select_device_ids_remove_success_message
>>>>> New Weber translation added successfully.<<<<<
>>>>> New Genesis translation added successfully.<<<<<
|--------------------------------------------------------------------| 
 
 TRASLATION NO-26
Key > notification_settings_saved_success_message
>>>>> New Weber translation added successfully.<<<<<
>>>>> New Genesis translation added successfully.<<<<<
|--------------------------------------------------------------------| 
 
 TRASLATION NO-27
Key > notification_setting_userID_email_requird
>>>>> New Weber translation added successfully.<<<<<
>>>>> New Genesis translation added successfully.<<<<<
|--------------------------------------------------------------------| 
 
 TRASLATION NO-28
Key > notification_setting_not_found_updated
>>>>> New Weber translation added successfully.<<<<<
>>>>> New Genesis translation added successfully.<<<<<
|--------------------------------------------------------------------| 
 
 TRASLATION NO-29
Key > notification_secondary_emails_updated
>>>>> New Weber translation added successfully.<<<<<
>>>>> New Genesis translation added successfully.<<<<<
|--------------------------------------------------------------------| 
 
 TRASLATION NO-30
Key > notification_setting_user_id_required
>>>>> New Weber translation added successfully.<<<<<
>>>>> New Genesis translation added successfully.<<<<<
|--------------------------------------------------------------------| 
 
 TRASLATION NO-31
Key > notification_secondary_email_not_found
>>>>> New Weber translation added successfully.<<<<<
>>>>> New Genesis translation added successfully.<<<<<
|--------------------------------------------------------------------| 
 
 TRASLATION NO-32
Key > notification_secondary_email_deleted
>>>>> New Weber translation added successfully.<<<<<
>>>>> New Genesis translation added successfully.<<<<<
|--------------------------------------------------------------------| 
 
 TRASLATION NO-33
Key > notification_settings_found_success_message
>>>>> New Weber translation added successfully.<<<<<
>>>>> New Genesis translation added successfully.<<<<<
|--------------------------------------------------------------------| 
 
 TRASLATION NO-34
Key > days_expired_red
>>>>> New Weber translation added successfully.<<<<<
>>>>> New Genesis translation added successfully.<<<<<
|--------------------------------------------------------------------| 
 
 TRASLATION NO-35
Key > max_tool_usage_before_test
>>>>> New Weber translation added successfully.<<<<<
>>>>> New Genesis translation added successfully.<<<<<
|--------------------------------------------------------------------| 
 
 TRASLATION NO-36
Key > yellow_flag_threshold
>>>>> New Weber translation added successfully.<<<<<
>>>>> New Genesis translation added successfully.<<<<<
|--------------------------------------------------------------------| 
 
 TRASLATION NO-37
Key > last_online_date_threshold
>>>>> New Weber translation added successfully.<<<<<
>>>>> New Genesis translation added successfully.<<<<<
|--------------------------------------------------------------------| 
 
 TRASLATION NO-38
Key > operation_hours_threshold
>>>>> New Weber translation added successfully.<<<<<
>>>>> New Genesis translation added successfully.<<<<<
|--------------------------------------------------------------------| 
 
 TRASLATION NO-39
Key > ]]>
    </system-out>
  </testcase> <!-- addTraslation -->
  <system-out>
    <![CDATA[Adding Translation To Weber rescue hub
Total Traslation Available in sheet-40.0
 TRASLATION NO-1
Key > device_service_recommendation_test_note_one_many_use_without_test
>>>>> New Weber translation added successfully.<<<<<
>>>>> Genesis Translation already exists.<<<<<
|--------------------------------------------------------------------| 
 
 TRASLATION NO-2
Key > device_service_recommendation_note_two_service_date_expired
>>>>> Weber Translation already exists.<<<<<
>>>>> Genesis Translation already exists.<<<<<
|--------------------------------------------------------------------| 
 
 TRASLATION NO-3
Key > device_service_recommendation_note_three_service_date_expired_more_than_365_days
>>>>> Weber Translation already exists.<<<<<
>>>>> Genesis Translation already exists.<<<<<
|--------------------------------------------------------------------| 
 
 TRASLATION NO-4
Key > device_service_recommendation_note_four_yellow_flag_repeat
>>>>> Weber Translation already exists.<<<<<
>>>>> Genesis Translation already exists.<<<<<
|--------------------------------------------------------------------| 
 
 TRASLATION NO-5
Key > device_service_recommendation_note_five_last_result_red_flag
>>>>> Weber Translation already exists.<<<<<
>>>>> Genesis Translation already exists.<<<<<
|--------------------------------------------------------------------| 
 
 TRASLATION NO-6
Key > service_recommendation_device_not_found_message
>>>>> New Weber translation added successfully.<<<<<
>>>>> New Genesis translation added successfully.<<<<<
|--------------------------------------------------------------------| 
 
 TRASLATION NO-7
Key > service_dashboard_setting_record_not_found_message
>>>>> New Weber translation added successfully.<<<<<
>>>>> New Genesis translation added successfully.<<<<<
|--------------------------------------------------------------------| 
 
 TRASLATION NO-8
Key > service_dashboard_setting_record_found_success_message
>>>>> New Weber translation added successfully.<<<<<
>>>>> New Genesis translation added successfully.<<<<<
|--------------------------------------------------------------------| 
 
 TRASLATION NO-9
Key > service_dashboard_setting_id_required
>>>>> New Weber translation added successfully.<<<<<
>>>>> New Genesis translation added successfully.<<<<<
|--------------------------------------------------------------------| 
 
 TRASLATION NO-10
Key > service_dashboard_setting_record_updated_success_message
>>>>> New Weber translation added successfully.<<<<<
>>>>> New Genesis translation added successfully.<<<<<
|--------------------------------------------------------------------| 
 
 TRASLATION NO-11
Key > service_dashboard_setting_not_updated_message
>>>>> New Weber translation added successfully.<<<<<
>>>>> New Genesis translation added successfully.<<<<<
|--------------------------------------------------------------------| 
 
 TRASLATION NO-12
Key > filter_dropdown_options_found_success_message
>>>>> New Weber translation added successfully.<<<<<
>>>>> New Genesis translation added successfully.<<<<<
|--------------------------------------------------------------------| 
 
 TRASLATION NO-13
Key > custom_filter_name_is_required_message
>>>>> New Weber translation added successfully.<<<<<
>>>>> New Genesis translation added successfully.<<<<<
|--------------------------------------------------------------------| 
 
 TRASLATION NO-14
Key > custom_filter_name_is_already_exist
>>>>> New Weber translation added successfully.<<<<<
>>>>> New Genesis translation added successfully.<<<<<
|--------------------------------------------------------------------| 
 
 TRASLATION NO-15
Key > custom_filter_record_save_success_msg
>>>>> New Weber translation added successfully.<<<<<
>>>>> New Genesis translation added successfully.<<<<<
|--------------------------------------------------------------------| 
 
 TRASLATION NO-16
Key > custom_filter_record_fetched_success_msg
>>>>> New Weber translation added successfully.<<<<<
>>>>> New Genesis translation added successfully.<<<<<
|--------------------------------------------------------------------| 
 
 TRASLATION NO-17
Key > custom_filter_delete_failed
>>>>> New Weber translation added successfully.<<<<<
>>>>> New Genesis translation added successfully.<<<<<
|--------------------------------------------------------------------| 
 
 TRASLATION NO-18
Key > custom_filter_id_required
>>>>> New Weber translation added successfully.<<<<<
>>>>> New Genesis translation added successfully.<<<<<
|--------------------------------------------------------------------| 
 
 TRASLATION NO-19
Key > filter_dropdown_options_device_record_not_found
>>>>> New Weber translation added successfully.<<<<<
>>>>> New Genesis translation added successfully.<<<<<
|--------------------------------------------------------------------| 
 
 TRASLATION NO-20
Key > filter_dropdown_options_fetch_success
>>>>> New Weber translation added successfully.<<<<<
>>>>> New Genesis translation added successfully.<<<<<
|--------------------------------------------------------------------| 
 
 TRASLATION NO-21
Key > check_box_select_device_Ids_missing
>>>>> New Weber translation added successfully.<<<<<
>>>>> New Genesis translation added successfully.<<<<<
|--------------------------------------------------------------------| 
 
 TRASLATION NO-22
Key > check_box_select_device_ids_save_success_message
>>>>> New Weber translation added successfully.<<<<<
>>>>> New Genesis translation added successfully.<<<<<
|--------------------------------------------------------------------| 
 
 TRASLATION NO-23
Key > check_box_select_device_ids_save_success_message
>>>>> Weber Translation already exists.<<<<<
>>>>> Genesis Translation already exists.<<<<<
|--------------------------------------------------------------------| 
 
 TRASLATION NO-24
Key > check_box_select_device_records_not_found
>>>>> New Weber translation added successfully.<<<<<
>>>>> New Genesis translation added successfully.<<<<<
|--------------------------------------------------------------------| 
 
 TRASLATION NO-25
Key > check_box_select_device_ids_remove_success_message
>>>>> New Weber translation added successfully.<<<<<
>>>>> New Genesis translation added successfully.<<<<<
|--------------------------------------------------------------------| 
 
 TRASLATION NO-26
Key > notification_settings_saved_success_message
>>>>> New Weber translation added successfully.<<<<<
>>>>> New Genesis translation added successfully.<<<<<
|--------------------------------------------------------------------| 
 
 TRASLATION NO-27
Key > notification_setting_userID_email_requird
>>>>> New Weber translation added successfully.<<<<<
>>>>> New Genesis translation added successfully.<<<<<
|--------------------------------------------------------------------| 
 
 TRASLATION NO-28
Key > notification_setting_not_found_updated
>>>>> New Weber translation added successfully.<<<<<
>>>>> New Genesis translation added successfully.<<<<<
|--------------------------------------------------------------------| 
 
 TRASLATION NO-29
Key > notification_secondary_emails_updated
>>>>> New Weber translation added successfully.<<<<<
>>>>> New Genesis translation added successfully.<<<<<
|--------------------------------------------------------------------| 
 
 TRASLATION NO-30
Key > notification_setting_user_id_required
>>>>> New Weber translation added successfully.<<<<<
>>>>> New Genesis translation added successfully.<<<<<
|--------------------------------------------------------------------| 
 
 TRASLATION NO-31
Key > notification_secondary_email_not_found
>>>>> New Weber translation added successfully.<<<<<
>>>>> New Genesis translation added successfully.<<<<<
|--------------------------------------------------------------------| 
 
 TRASLATION NO-32
Key > notification_secondary_email_deleted
>>>>> New Weber translation added successfully.<<<<<
>>>>> New Genesis translation added successfully.<<<<<
|--------------------------------------------------------------------| 
 
 TRASLATION NO-33
Key > notification_settings_found_success_message
>>>>> New Weber translation added successfully.<<<<<
>>>>> New Genesis translation added successfully.<<<<<
|--------------------------------------------------------------------| 
 
 TRASLATION NO-34
Key > days_expired_red
>>>>> New Weber translation added successfully.<<<<<
>>>>> New Genesis translation added successfully.<<<<<
|--------------------------------------------------------------------| 
 
 TRASLATION NO-35
Key > max_tool_usage_before_test
>>>>> New Weber translation added successfully.<<<<<
>>>>> New Genesis translation added successfully.<<<<<
|--------------------------------------------------------------------| 
 
 TRASLATION NO-36
Key > yellow_flag_threshold
>>>>> New Weber translation added successfully.<<<<<
>>>>> New Genesis translation added successfully.<<<<<
|--------------------------------------------------------------------| 
 
 TRASLATION NO-37
Key > last_online_date_threshold
>>>>> New Weber translation added successfully.<<<<<
>>>>> New Genesis translation added successfully.<<<<<
|--------------------------------------------------------------------| 
 
 TRASLATION NO-38
Key > operation_hours_threshold
>>>>> New Weber translation added successfully.<<<<<
>>>>> New Genesis translation added successfully.<<<<<
|--------------------------------------------------------------------| 
 
 TRASLATION NO-39
Key > 
logout successfully. ]]>
  </system-out>
</testsuite> <!-- live.AA_TestClass -->
