<?xml version="1.0" encoding="UTF-8"?>
<!-- Generated by org.testng.reporters.JUnitReportReporter -->
<testsuite hostname="DESKTOP-T6L47BI" failures="0" tests="1" name="live.AA_TestClass" time="254.139" errors="1" timestamp="2025-07-02T15:48:21 IST" skipped="0">
  <testcase classname="live.AA_TestClass" name="addTraslation" time="254.139">
    <error message="Cannot locate option with text: 
For documentation on this error, please visit: https://www.selenium.dev/documentation/webdriver/troubleshooting/errors#no-such-element-exception
Build info: version: &#039;4.17.0&#039;, revision: &#039;e52b1be057*&#039;
System info: os.name: &#039;Windows 11&#039;, os.arch: &#039;amd64&#039;, os.version: &#039;10.0&#039;, java.version: &#039;17.0.9&#039;
Driver info: driver.version: unknown" type="org.openqa.selenium.NoSuchElementException">
      <![CDATA[org.openqa.selenium.NoSuchElementException: Cannot locate option with text: 
For documentation on this error, please visit: https://www.selenium.dev/documentation/webdriver/troubleshooting/errors#no-such-element-exception
Build info: version: '4.17.0', revision: 'e52b1be057*'
System info: os.name: 'Windows 11', os.arch: 'amd64', os.version: '10.0', java.version: '17.0.9'
Driver info: driver.version: unknown
at org.openqa.selenium.support.ui.Select.selectByVisibleText(Select.java:153)
at live.D_traslation.addTraslation(D_traslation.java:306)
at live.AA_TestClass.addTraslation(AA_TestClass.java:53)
at java.base/jdk.internal.reflect.NativeMethodAccessorImpl.invoke0(Native Method)
at java.base/jdk.internal.reflect.NativeMethodAccessorImpl.invoke(NativeMethodAccessorImpl.java:77)
at java.base/jdk.internal.reflect.DelegatingMethodAccessorImpl.invoke(DelegatingMethodAccessorImpl.java:43)
at java.base/java.lang.reflect.Method.invoke(Method.java:568)
at org.testng.internal.invokers.MethodInvocationHelper.invokeMethod(MethodInvocationHelper.java:139)
at org.testng.internal.invokers.TestInvoker.invokeMethod(TestInvoker.java:664)
at org.testng.internal.invokers.TestInvoker.invokeTestMethod(TestInvoker.java:228)
at org.testng.internal.invokers.MethodRunner.runInSequence(MethodRunner.java:63)
at org.testng.internal.invokers.TestInvoker$MethodInvocationAgent.invoke(TestInvoker.java:961)
at org.testng.internal.invokers.TestInvoker.invokeTestMethods(TestInvoker.java:201)
at org.testng.internal.invokers.TestMethodWorker.invokeTestMethods(TestMethodWorker.java:148)
at org.testng.internal.invokers.TestMethodWorker.run(TestMethodWorker.java:128)
at java.base/java.util.ArrayList.forEach(ArrayList.java:1511)
at org.testng.TestRunner.privateRun(TestRunner.java:819)
at org.testng.TestRunner.run(TestRunner.java:619)
at org.testng.SuiteRunner.runTest(SuiteRunner.java:443)
at org.testng.SuiteRunner.runSequentially(SuiteRunner.java:437)
at org.testng.SuiteRunner.privateRun(SuiteRunner.java:397)
at org.testng.SuiteRunner.run(SuiteRunner.java:336)
at org.testng.SuiteRunnerWorker.runSuite(SuiteRunnerWorker.java:52)
at org.testng.SuiteRunnerWorker.run(SuiteRunnerWorker.java:95)
at org.testng.TestNG.runSuitesSequentially(TestNG.java:1301)
at org.testng.TestNG.runSuitesLocally(TestNG.java:1228)
at org.testng.TestNG.runSuites(TestNG.java:1134)
at org.testng.TestNG.run(TestNG.java:1101)
at org.testng.remote.AbstractRemoteTestNG.run(AbstractRemoteTestNG.java:115)
at org.testng.remote.RemoteTestNG.initAndRun(RemoteTestNG.java:251)
at org.testng.remote.RemoteTestNG.main(RemoteTestNG.java:77)
]]>
    </error>
    <system-out>
      <![CDATA[Adding Translation To Weber rescue hub
Total Traslation Available in sheet-40.0
 TRASLATION NO-1
Key > device_service_recommendation_test_note_one_many_use_without_test
>>>>> New Weber translation added successfully.<<<<<
>>>>> New Genesis translation added successfully.<<<<<
|--------------------------------------------------------------------| 
 
 TRASLATION NO-2
Key > device_service_recommendation_note_two_service_date_expired
>>>>> New Weber translation added successfully.<<<<<
>>>>> New Genesis translation added successfully.<<<<<
|--------------------------------------------------------------------| 
 
 TRASLATION NO-3
Key > device_service_recommendation_note_three_service_date_expired_more_than_365_days
>>>>> New Weber translation added successfully.<<<<<
>>>>> New Genesis translation added successfully.<<<<<
|--------------------------------------------------------------------| 
 
 TRASLATION NO-4
Key > device_service_recommendation_note_four_yellow_flag_repeat
>>>>> New Weber translation added successfully.<<<<<
>>>>> New Genesis translation added successfully.<<<<<
|--------------------------------------------------------------------| 
 
 TRASLATION NO-5
Key > device_service_recommendation_note_five_last_result_red_flag
>>>>> New Weber translation added successfully.<<<<<
>>>>> New Genesis translation added successfully.<<<<<
|--------------------------------------------------------------------| 
 
 TRASLATION NO-6
Key > ]]>
    </system-out>
  </testcase> <!-- addTraslation -->
  <system-out>
    <![CDATA[Adding Translation To Weber rescue hub
Total Traslation Available in sheet-40.0
 TRASLATION NO-1
Key > device_service_recommendation_test_note_one_many_use_without_test
>>>>> New Weber translation added successfully.<<<<<
>>>>> New Genesis translation added successfully.<<<<<
|--------------------------------------------------------------------| 
 
 TRASLATION NO-2
Key > device_service_recommendation_note_two_service_date_expired
>>>>> New Weber translation added successfully.<<<<<
>>>>> New Genesis translation added successfully.<<<<<
|--------------------------------------------------------------------| 
 
 TRASLATION NO-3
Key > device_service_recommendation_note_three_service_date_expired_more_than_365_days
>>>>> New Weber translation added successfully.<<<<<
>>>>> New Genesis translation added successfully.<<<<<
|--------------------------------------------------------------------| 
 
 TRASLATION NO-4
Key > device_service_recommendation_note_four_yellow_flag_repeat
>>>>> New Weber translation added successfully.<<<<<
>>>>> New Genesis translation added successfully.<<<<<
|--------------------------------------------------------------------| 
 
 TRASLATION NO-5
Key > device_service_recommendation_note_five_last_result_red_flag
>>>>> New Weber translation added successfully.<<<<<
>>>>> New Genesis translation added successfully.<<<<<
|--------------------------------------------------------------------| 
 
 TRASLATION NO-6
Key > 
logout successfully. ]]>
  </system-out>
</testsuite> <!-- live.AA_TestClass -->
