<?xml version="1.0" encoding="UTF-8"?>
<!-- Generated by org.testng.reporters.JUnitReportReporter -->
<testsuite hostname="DESKTOP-T6L47BI" failures="0" tests="2" name="live.AA_TestClass" time="2550.092" errors="0" timestamp="2025-06-17T14:30:42 IST" skipped="0">
  <testcase classname="live.AA_TestClass" name="addTraslation" time="1595.381">
    <system-out>
      <![CDATA[Adding Translation To Weber rescue hub
Total Traslation Available in sheet-40.0
TRASLATION NO-1
Key > device_device_details_popover_filter_date_this_month
>>>>> Weber Translation already exists.<<<<<
>>>>> Genesis Translation already exists.<<<<<
|--------------------------------------------------------------------| 
 
TRASLATION NO-2
Key > device_device_details_service_dashboard_location
>>>>> Weber Translation already exists.<<<<<
>>>>> Genesis Translation already exists.<<<<<
|--------------------------------------------------------------------| 
 
TRASLATION NO-3
Key > device_device_details_service_dashboard_last_location
>>>>> Weber Translation already exists.<<<<<
>>>>> Genesis Translation already exists.<<<<<
|--------------------------------------------------------------------| 
 
TRASLATION NO-4
Key > device_device_details_service_dashboard_battery_replacement
>>>>> Weber Translation already exists.<<<<<
>>>>> Genesis Translation already exists.<<<<<
|--------------------------------------------------------------------| 
 
TRASLATION NO-5
Key > device_device_details_service_dashboard_700_bar
>>>>> Weber Translation already exists.<<<<<
>>>>> Genesis Translation already exists.<<<<<
|--------------------------------------------------------------------| 
 
TRASLATION NO-6
Key > device_device_details_service_dashboard_operation_hours
>>>>> Weber Translation already exists.<<<<<
>>>>> Genesis Translation already exists.<<<<<
|--------------------------------------------------------------------| 
 
TRASLATION NO-7
Key > device_device_details_service_dashboard_service
>>>>> Weber Translation already exists.<<<<<
>>>>> Genesis Translation already exists.<<<<<
|--------------------------------------------------------------------| 
 
TRASLATION NO-8
Key > device_device_details_service_dashboard_recommendation
>>>>> Weber Translation already exists.<<<<<
>>>>> Genesis Translation already exists.<<<<<
|--------------------------------------------------------------------| 
 
TRASLATION NO-9
Key > device_device_details_service_dashboard_actions
>>>>> Weber Translation already exists.<<<<<
>>>>> Genesis Translation already exists.<<<<<
|--------------------------------------------------------------------| 
 
TRASLATION NO-10
Key > device_device_details_service_dashboard_device_status_not_ready_for_use
>>>>> Weber Translation already exists.<<<<<
>>>>> Genesis Translation already exists.<<<<<
|--------------------------------------------------------------------| 
 
TRASLATION NO-11
Key > device_device_details_service_dashboard_device_status_conditionally_operational
>>>>> Weber Translation already exists.<<<<<
>>>>> Genesis Translation already exists.<<<<<
|--------------------------------------------------------------------| 
 
TRASLATION NO-12
Key > device_device_details_device_status_ready_for_use
>>>>> Weber Translation already exists.<<<<<
>>>>> Genesis Translation already exists.<<<<<
|--------------------------------------------------------------------| 
 
TRASLATION NO-13
Key > device_device_details_popover_filter_date_this_month
>>>>> Weber Translation already exists.<<<<<
>>>>> Genesis Translation already exists.<<<<<
|--------------------------------------------------------------------| 
 
TRASLATION NO-14
Key > device_device_details_popover_filter_date_last_month
>>>>> Weber Translation already exists.<<<<<
>>>>> Genesis Translation already exists.<<<<<
|--------------------------------------------------------------------| 
 
TRASLATION NO-15
Key > device_device_details_popover_filter_date_this_year
>>>>> Weber Translation already exists.<<<<<
>>>>> Genesis Translation already exists.<<<<<
|--------------------------------------------------------------------| 
 
TRASLATION NO-16
Key > device_device_details_popover_filter_date_last_year
>>>>> Weber Translation already exists.<<<<<
>>>>> Genesis Translation already exists.<<<<<
|--------------------------------------------------------------------| 
 
TRASLATION NO-17
Key > device_device_details_popover_filter_date_custom_date
>>>>> Weber Translation already exists.<<<<<
>>>>> Genesis Translation already exists.<<<<<
|--------------------------------------------------------------------| 
 
TRASLATION NO-18
Key > device_device_details_service_dashboard
>>>>> Weber Translation already exists.<<<<<
>>>>> Genesis Translation already exists.<<<<<
|--------------------------------------------------------------------| 
 
TRASLATION NO-19
Key > device_device_details_service_dashboard_version
>>>>> Weber Translation already exists.<<<<<
>>>>> Genesis Translation already exists.<<<<<
|--------------------------------------------------------------------| 
 
TRASLATION NO-20
Key > device_device_details_service_dashboard_status
>>>>> Weber Translation already exists.<<<<<
>>>>> Genesis Translation already exists.<<<<<
|--------------------------------------------------------------------| 
 
TRASLATION NO-21
Key > device_device_details_service_dashboard_image
>>>>> Weber Translation already exists.<<<<<
>>>>> Genesis Translation already exists.<<<<<
|--------------------------------------------------------------------| 
 
TRASLATION NO-22
Key > device_device_details_service_dashboard_device_name
>>>>> Weber Translation already exists.<<<<<
>>>>> Genesis Translation already exists.<<<<<
|--------------------------------------------------------------------| 
 
TRASLATION NO-23
Key > device_device_details_service_dashboard_tin
>>>>> Weber Translation already exists.<<<<<
>>>>> Genesis Translation already exists.<<<<<
|--------------------------------------------------------------------| 
 
TRASLATION NO-24
Key > device_device_details_service_dashboard_battery_level
>>>>> Weber Translation already exists.<<<<<
>>>>> Genesis Translation already exists.<<<<<
|--------------------------------------------------------------------| 
 
TRASLATION NO-25
Key > device_device_details_service_dashboard_remark
>>>>> Weber Translation already exists.<<<<<
>>>>> Genesis Translation already exists.<<<<<
|--------------------------------------------------------------------| 
 
TRASLATION NO-26
Key > device_device_details_service_dashboard_on_off
>>>>> Weber Translation already exists.<<<<<
>>>>> Genesis Translation already exists.<<<<<
|--------------------------------------------------------------------| 
 
TRASLATION NO-27
Key > device_device_details_service_dashboard_device_category
>>>>> Weber Translation already exists.<<<<<
>>>>> Genesis Translation already exists.<<<<<
|--------------------------------------------------------------------| 
 
TRASLATION NO-28
Key > device_device_details_service_dashboard_vehicle
>>>>> Weber Translation already exists.<<<<<
>>>>> Genesis Translation already exists.<<<<<
|--------------------------------------------------------------------| 
 
TRASLATION NO-29
Key > device_device_details_service_dashboard_station
>>>>> Weber Translation already exists.<<<<<
>>>>> Genesis Translation already exists.<<<<<
|--------------------------------------------------------------------| 
 
TRASLATION NO-30
Key > device_device_details_service_dashboard_total_device_count
>>>>> Weber Translation already exists.<<<<<
>>>>> Genesis Translation already exists.<<<<<
|--------------------------------------------------------------------| 
 
TRASLATION NO-31
Key > device_device_details_service_dashboard_add_filters
>>>>> Weber Translation already exists.<<<<<
>>>>> Genesis Translation already exists.<<<<<
|--------------------------------------------------------------------| 
 
TRASLATION NO-32
Key > device_device_details_service_dashboard_add
>>>>> Weber Translation already exists.<<<<<
>>>>> Genesis Translation already exists.<<<<<
|--------------------------------------------------------------------| 
 
TRASLATION NO-33
Key > device_device_details_service_dashboard_create_filters
>>>>> Weber Translation already exists.<<<<<
>>>>> Genesis Translation already exists.<<<<<
|--------------------------------------------------------------------| 
 
TRASLATION NO-34
Key > device_device_details_service_dashboard_custom_save_view
>>>>> Weber Translation already exists.<<<<<
>>>>> Genesis Translation already exists.<<<<<
|--------------------------------------------------------------------| 
 
TRASLATION NO-35
Key > device_device_details_service_dashboard_custom_view
>>>>> Weber Translation already exists.<<<<<
>>>>> Genesis Translation already exists.<<<<<
|--------------------------------------------------------------------| 
 
TRASLATION NO-36
Key > device_device_details_service_dashboard_designation
>>>>> Weber Translation already exists.<<<<<
>>>>> Genesis Translation already exists.<<<<<
|--------------------------------------------------------------------| 
 
TRASLATION NO-37
Key > device_device_details_service_dashboard_define_names
>>>>> Weber Translation already exists.<<<<<
>>>>> Genesis Translation already exists.<<<<<
|--------------------------------------------------------------------| 
 
TRASLATION NO-38
Key > device_device_details_service_dashboard_include_current_filters_and_conditions
>>>>> Weber Translation already exists.<<<<<
>>>>> Genesis Translation already exists.<<<<<
|--------------------------------------------------------------------| 
 
TRASLATION NO-39
Key > device_device_details_service_dashboard_confirm
>>>>> Weber Translation already exists.<<<<<
>>>>> Genesis Translation already exists.<<<<<
|--------------------------------------------------------------------| 
 
TRASLATION NO-40
Key > device_device_details_service_dashboard_cancel
>>>>> Weber Translation already exists.<<<<<
>>>>> Genesis Translation already exists.<<<<<
|--------------------------------------------------------------------| 
 ]]>
    </system-out>
  </testcase> <!-- addTraslation -->
  <testcase classname="live.AA_TestClass" name="checkTraslation" time="954.711">
    <system-out>
      <![CDATA[Checking Weber rescue hub Translation.
Total Traslation Available in sheet-40.0
TRASLATION NO-1
The English translation Match.
The Deutsch translation Match.
The Genesis-englis translation Match.
|------------------------------------------------------|
 
TRASLATION NO-2
The English translation Match.
The Deutsch translation Match.
The Genesis-englis translation Match.
|------------------------------------------------------|
 
TRASLATION NO-3
The English translation Match.
The Deutsch translation Match.
The Genesis-englis translation Match.
|------------------------------------------------------|
 
TRASLATION NO-4
The English translation Match.
The Deutsch translation Match.
The Genesis-englis translation Match.
|------------------------------------------------------|
 
TRASLATION NO-5
The English translation Match.
The Deutsch translation Match.
The Genesis-englis translation Match.
|------------------------------------------------------|
 
TRASLATION NO-6
The English translation Match.
The Deutsch translation Match.
The Genesis-englis translation Match.
|------------------------------------------------------|
 
TRASLATION NO-7
The English translation Match.
The Deutsch translation Match.
The Genesis-englis translation Match.
|------------------------------------------------------|
 
TRASLATION NO-8
The English translation Match.
The Deutsch translation Match.
The Genesis-englis translation Match.
|------------------------------------------------------|
 
TRASLATION NO-9
The English translation Match.
The Deutsch translation Match.
The Genesis-englis translation Match.
|------------------------------------------------------|
 
TRASLATION NO-10
The English translation Match.
The Deutsch translation Match.
The Genesis-englis translation Match.
|------------------------------------------------------|
 
TRASLATION NO-11
The English translation Match.
The Deutsch translation Match.
The Genesis-englis translation Match.
|------------------------------------------------------|
 
TRASLATION NO-12
The English translation Match.
The Deutsch translation Match.
The Genesis-englis translation Match.
|------------------------------------------------------|
 
TRASLATION NO-13
The English translation Match.
The Deutsch translation Match.
The Genesis-englis translation Match.
|------------------------------------------------------|
 
TRASLATION NO-14
The English translation Match.
The Deutsch translation Match.
The Genesis-englis translation Match.
|------------------------------------------------------|
 
TRASLATION NO-15
The English translation Match.
The Deutsch translation Match.
The Genesis-englis translation Match.
|------------------------------------------------------|
 
TRASLATION NO-16
The English translation Match.
The Deutsch translation Match.
The Genesis-englis translation Match.
|------------------------------------------------------|
 
TRASLATION NO-17
The English translation Match.
The Deutsch translation Match.
The Genesis-englis translation Match.
|------------------------------------------------------|
 
TRASLATION NO-18
The English translation Match.
Deutsch translation not matched
The Genesis-englis translation Match.
|------------------------------------------------------|
 
TRASLATION NO-19
The English translation Match.
The Deutsch translation Match.
The Genesis-englis translation Match.
|------------------------------------------------------|
 
TRASLATION NO-20
The English translation Match.
The Deutsch translation Match.
The Genesis-englis translation Match.
|------------------------------------------------------|
 
TRASLATION NO-21
English translation not matched
Deutsch translation not matched
The Genesis-englis translation Match.
|------------------------------------------------------|
 
TRASLATION NO-22
The English translation Match.
The Deutsch translation Match.
The Genesis-englis translation Match.
|------------------------------------------------------|
 
TRASLATION NO-23
The English translation Match.
The Deutsch translation Match.
The Genesis-englis translation Match.
|------------------------------------------------------|
 
TRASLATION NO-24
The English translation Match.
The Deutsch translation Match.
The Genesis-englis translation Match.
|------------------------------------------------------|
 
TRASLATION NO-25
The English translation Match.
The Deutsch translation Match.
The Genesis-englis translation Match.
|------------------------------------------------------|
 
TRASLATION NO-26
The English translation Match.
The Deutsch translation Match.
The Genesis-englis translation Match.
|------------------------------------------------------|
 
TRASLATION NO-27
The English translation Match.
The Deutsch translation Match.
The Genesis-englis translation Match.
|------------------------------------------------------|
 
TRASLATION NO-28
The English translation Match.
The Deutsch translation Match.
The Genesis-englis translation Match.
|------------------------------------------------------|
 
TRASLATION NO-29
The English translation Match.
The Deutsch translation Match.
The Genesis-englis translation Match.
|------------------------------------------------------|
 
TRASLATION NO-30
The English translation Match.
The Deutsch translation Match.
The Genesis-englis translation Match.
|------------------------------------------------------|
 
TRASLATION NO-31
The English translation Match.
The Deutsch translation Match.
The Genesis-englis translation Match.
|------------------------------------------------------|
 
TRASLATION NO-32
The English translation Match.
The Deutsch translation Match.
The Genesis-englis translation Match.
|------------------------------------------------------|
 
TRASLATION NO-33
The English translation Match.
The Deutsch translation Match.
The Genesis-englis translation Match.
|------------------------------------------------------|
 
TRASLATION NO-34
The English translation Match.
The Deutsch translation Match.
The Genesis-englis translation Match.
|------------------------------------------------------|
 
TRASLATION NO-35
The English translation Match.
The Deutsch translation Match.
The Genesis-englis translation Match.
|------------------------------------------------------|
 
TRASLATION NO-36
The English translation Match.
The Deutsch translation Match.
The Genesis-englis translation Match.
|------------------------------------------------------|
 
TRASLATION NO-37
The English translation Match.
The Deutsch translation Match.
The Genesis-englis translation Match.
|------------------------------------------------------|
 
TRASLATION NO-38
The English translation Match.
The Deutsch translation Match.
The Genesis-englis translation Match.
|------------------------------------------------------|
 
TRASLATION NO-39
The English translation Match.
The Deutsch translation Match.
The Genesis-englis translation Match.
|------------------------------------------------------|
 
TRASLATION NO-40
The English translation Match.
The Deutsch translation Match.
The Genesis-englis translation Match.
|------------------------------------------------------|
 
faild traslation count  >3
faild traslation loop no  >[18, 21, 21]
Unmatched Keys:
device_device_details_service_dashboard
device_device_details_service_dashboard_image
device_device_details_service_dashboard_image
 ]]>
    </system-out>
  </testcase> <!-- checkTraslation -->
  <system-out>
    <![CDATA[Adding Translation To Weber rescue hub
Total Traslation Available in sheet-40.0
TRASLATION NO-1
Key > device_device_details_popover_filter_date_this_month
>>>>> Weber Translation already exists.<<<<<
>>>>> Genesis Translation already exists.<<<<<
|--------------------------------------------------------------------| 
 
TRASLATION NO-2
Key > device_device_details_service_dashboard_location
>>>>> Weber Translation already exists.<<<<<
>>>>> Genesis Translation already exists.<<<<<
|--------------------------------------------------------------------| 
 
TRASLATION NO-3
Key > device_device_details_service_dashboard_last_location
>>>>> Weber Translation already exists.<<<<<
>>>>> Genesis Translation already exists.<<<<<
|--------------------------------------------------------------------| 
 
TRASLATION NO-4
Key > device_device_details_service_dashboard_battery_replacement
>>>>> Weber Translation already exists.<<<<<
>>>>> Genesis Translation already exists.<<<<<
|--------------------------------------------------------------------| 
 
TRASLATION NO-5
Key > device_device_details_service_dashboard_700_bar
>>>>> Weber Translation already exists.<<<<<
>>>>> Genesis Translation already exists.<<<<<
|--------------------------------------------------------------------| 
 
TRASLATION NO-6
Key > device_device_details_service_dashboard_operation_hours
>>>>> Weber Translation already exists.<<<<<
>>>>> Genesis Translation already exists.<<<<<
|--------------------------------------------------------------------| 
 
TRASLATION NO-7
Key > device_device_details_service_dashboard_service
>>>>> Weber Translation already exists.<<<<<
>>>>> Genesis Translation already exists.<<<<<
|--------------------------------------------------------------------| 
 
TRASLATION NO-8
Key > device_device_details_service_dashboard_recommendation
>>>>> Weber Translation already exists.<<<<<
>>>>> Genesis Translation already exists.<<<<<
|--------------------------------------------------------------------| 
 
TRASLATION NO-9
Key > device_device_details_service_dashboard_actions
>>>>> Weber Translation already exists.<<<<<
>>>>> Genesis Translation already exists.<<<<<
|--------------------------------------------------------------------| 
 
TRASLATION NO-10
Key > device_device_details_service_dashboard_device_status_not_ready_for_use
>>>>> Weber Translation already exists.<<<<<
>>>>> Genesis Translation already exists.<<<<<
|--------------------------------------------------------------------| 
 
TRASLATION NO-11
Key > device_device_details_service_dashboard_device_status_conditionally_operational
>>>>> Weber Translation already exists.<<<<<
>>>>> Genesis Translation already exists.<<<<<
|--------------------------------------------------------------------| 
 
TRASLATION NO-12
Key > device_device_details_device_status_ready_for_use
>>>>> Weber Translation already exists.<<<<<
>>>>> Genesis Translation already exists.<<<<<
|--------------------------------------------------------------------| 
 
TRASLATION NO-13
Key > device_device_details_popover_filter_date_this_month
>>>>> Weber Translation already exists.<<<<<
>>>>> Genesis Translation already exists.<<<<<
|--------------------------------------------------------------------| 
 
TRASLATION NO-14
Key > device_device_details_popover_filter_date_last_month
>>>>> Weber Translation already exists.<<<<<
>>>>> Genesis Translation already exists.<<<<<
|--------------------------------------------------------------------| 
 
TRASLATION NO-15
Key > device_device_details_popover_filter_date_this_year
>>>>> Weber Translation already exists.<<<<<
>>>>> Genesis Translation already exists.<<<<<
|--------------------------------------------------------------------| 
 
TRASLATION NO-16
Key > device_device_details_popover_filter_date_last_year
>>>>> Weber Translation already exists.<<<<<
>>>>> Genesis Translation already exists.<<<<<
|--------------------------------------------------------------------| 
 
TRASLATION NO-17
Key > device_device_details_popover_filter_date_custom_date
>>>>> Weber Translation already exists.<<<<<
>>>>> Genesis Translation already exists.<<<<<
|--------------------------------------------------------------------| 
 
TRASLATION NO-18
Key > device_device_details_service_dashboard
>>>>> Weber Translation already exists.<<<<<
>>>>> Genesis Translation already exists.<<<<<
|--------------------------------------------------------------------| 
 
TRASLATION NO-19
Key > device_device_details_service_dashboard_version
>>>>> Weber Translation already exists.<<<<<
>>>>> Genesis Translation already exists.<<<<<
|--------------------------------------------------------------------| 
 
TRASLATION NO-20
Key > device_device_details_service_dashboard_status
>>>>> Weber Translation already exists.<<<<<
>>>>> Genesis Translation already exists.<<<<<
|--------------------------------------------------------------------| 
 
TRASLATION NO-21
Key > device_device_details_service_dashboard_image
>>>>> Weber Translation already exists.<<<<<
>>>>> Genesis Translation already exists.<<<<<
|--------------------------------------------------------------------| 
 
TRASLATION NO-22
Key > device_device_details_service_dashboard_device_name
>>>>> Weber Translation already exists.<<<<<
>>>>> Genesis Translation already exists.<<<<<
|--------------------------------------------------------------------| 
 
TRASLATION NO-23
Key > device_device_details_service_dashboard_tin
>>>>> Weber Translation already exists.<<<<<
>>>>> Genesis Translation already exists.<<<<<
|--------------------------------------------------------------------| 
 
TRASLATION NO-24
Key > device_device_details_service_dashboard_battery_level
>>>>> Weber Translation already exists.<<<<<
>>>>> Genesis Translation already exists.<<<<<
|--------------------------------------------------------------------| 
 
TRASLATION NO-25
Key > device_device_details_service_dashboard_remark
>>>>> Weber Translation already exists.<<<<<
>>>>> Genesis Translation already exists.<<<<<
|--------------------------------------------------------------------| 
 
TRASLATION NO-26
Key > device_device_details_service_dashboard_on_off
>>>>> Weber Translation already exists.<<<<<
>>>>> Genesis Translation already exists.<<<<<
|--------------------------------------------------------------------| 
 
TRASLATION NO-27
Key > device_device_details_service_dashboard_device_category
>>>>> Weber Translation already exists.<<<<<
>>>>> Genesis Translation already exists.<<<<<
|--------------------------------------------------------------------| 
 
TRASLATION NO-28
Key > device_device_details_service_dashboard_vehicle
>>>>> Weber Translation already exists.<<<<<
>>>>> Genesis Translation already exists.<<<<<
|--------------------------------------------------------------------| 
 
TRASLATION NO-29
Key > device_device_details_service_dashboard_station
>>>>> Weber Translation already exists.<<<<<
>>>>> Genesis Translation already exists.<<<<<
|--------------------------------------------------------------------| 
 
TRASLATION NO-30
Key > device_device_details_service_dashboard_total_device_count
>>>>> Weber Translation already exists.<<<<<
>>>>> Genesis Translation already exists.<<<<<
|--------------------------------------------------------------------| 
 
TRASLATION NO-31
Key > device_device_details_service_dashboard_add_filters
>>>>> Weber Translation already exists.<<<<<
>>>>> Genesis Translation already exists.<<<<<
|--------------------------------------------------------------------| 
 
TRASLATION NO-32
Key > device_device_details_service_dashboard_add
>>>>> Weber Translation already exists.<<<<<
>>>>> Genesis Translation already exists.<<<<<
|--------------------------------------------------------------------| 
 
TRASLATION NO-33
Key > device_device_details_service_dashboard_create_filters
>>>>> Weber Translation already exists.<<<<<
>>>>> Genesis Translation already exists.<<<<<
|--------------------------------------------------------------------| 
 
TRASLATION NO-34
Key > device_device_details_service_dashboard_custom_save_view
>>>>> Weber Translation already exists.<<<<<
>>>>> Genesis Translation already exists.<<<<<
|--------------------------------------------------------------------| 
 
TRASLATION NO-35
Key > device_device_details_service_dashboard_custom_view
>>>>> Weber Translation already exists.<<<<<
>>>>> Genesis Translation already exists.<<<<<
|--------------------------------------------------------------------| 
 
TRASLATION NO-36
Key > device_device_details_service_dashboard_designation
>>>>> Weber Translation already exists.<<<<<
>>>>> Genesis Translation already exists.<<<<<
|--------------------------------------------------------------------| 
 
TRASLATION NO-37
Key > device_device_details_service_dashboard_define_names
>>>>> Weber Translation already exists.<<<<<
>>>>> Genesis Translation already exists.<<<<<
|--------------------------------------------------------------------| 
 
TRASLATION NO-38
Key > device_device_details_service_dashboard_include_current_filters_and_conditions
>>>>> Weber Translation already exists.<<<<<
>>>>> Genesis Translation already exists.<<<<<
|--------------------------------------------------------------------| 
 
TRASLATION NO-39
Key > device_device_details_service_dashboard_confirm
>>>>> Weber Translation already exists.<<<<<
>>>>> Genesis Translation already exists.<<<<<
|--------------------------------------------------------------------| 
 
TRASLATION NO-40
Key > device_device_details_service_dashboard_cancel
>>>>> Weber Translation already exists.<<<<<
>>>>> Genesis Translation already exists.<<<<<
|--------------------------------------------------------------------| 
 
Checking Weber rescue hub Translation.
Total Traslation Available in sheet-40.0
TRASLATION NO-1
The English translation Match.
The Deutsch translation Match.
The Genesis-englis translation Match.
|------------------------------------------------------|
 
TRASLATION NO-2
The English translation Match.
The Deutsch translation Match.
The Genesis-englis translation Match.
|------------------------------------------------------|
 
TRASLATION NO-3
The English translation Match.
The Deutsch translation Match.
The Genesis-englis translation Match.
|------------------------------------------------------|
 
TRASLATION NO-4
The English translation Match.
The Deutsch translation Match.
The Genesis-englis translation Match.
|------------------------------------------------------|
 
TRASLATION NO-5
The English translation Match.
The Deutsch translation Match.
The Genesis-englis translation Match.
|------------------------------------------------------|
 
TRASLATION NO-6
The English translation Match.
The Deutsch translation Match.
The Genesis-englis translation Match.
|------------------------------------------------------|
 
TRASLATION NO-7
The English translation Match.
The Deutsch translation Match.
The Genesis-englis translation Match.
|------------------------------------------------------|
 
TRASLATION NO-8
The English translation Match.
The Deutsch translation Match.
The Genesis-englis translation Match.
|------------------------------------------------------|
 
TRASLATION NO-9
The English translation Match.
The Deutsch translation Match.
The Genesis-englis translation Match.
|------------------------------------------------------|
 
TRASLATION NO-10
The English translation Match.
The Deutsch translation Match.
The Genesis-englis translation Match.
|------------------------------------------------------|
 
TRASLATION NO-11
The English translation Match.
The Deutsch translation Match.
The Genesis-englis translation Match.
|------------------------------------------------------|
 
TRASLATION NO-12
The English translation Match.
The Deutsch translation Match.
The Genesis-englis translation Match.
|------------------------------------------------------|
 
TRASLATION NO-13
The English translation Match.
The Deutsch translation Match.
The Genesis-englis translation Match.
|------------------------------------------------------|
 
TRASLATION NO-14
The English translation Match.
The Deutsch translation Match.
The Genesis-englis translation Match.
|------------------------------------------------------|
 
TRASLATION NO-15
The English translation Match.
The Deutsch translation Match.
The Genesis-englis translation Match.
|------------------------------------------------------|
 
TRASLATION NO-16
The English translation Match.
The Deutsch translation Match.
The Genesis-englis translation Match.
|------------------------------------------------------|
 
TRASLATION NO-17
The English translation Match.
The Deutsch translation Match.
The Genesis-englis translation Match.
|------------------------------------------------------|
 
TRASLATION NO-18
The English translation Match.
Deutsch translation not matched
The Genesis-englis translation Match.
|------------------------------------------------------|
 
TRASLATION NO-19
The English translation Match.
The Deutsch translation Match.
The Genesis-englis translation Match.
|------------------------------------------------------|
 
TRASLATION NO-20
The English translation Match.
The Deutsch translation Match.
The Genesis-englis translation Match.
|------------------------------------------------------|
 
TRASLATION NO-21
English translation not matched
Deutsch translation not matched
The Genesis-englis translation Match.
|------------------------------------------------------|
 
TRASLATION NO-22
The English translation Match.
The Deutsch translation Match.
The Genesis-englis translation Match.
|------------------------------------------------------|
 
TRASLATION NO-23
The English translation Match.
The Deutsch translation Match.
The Genesis-englis translation Match.
|------------------------------------------------------|
 
TRASLATION NO-24
The English translation Match.
The Deutsch translation Match.
The Genesis-englis translation Match.
|------------------------------------------------------|
 
TRASLATION NO-25
The English translation Match.
The Deutsch translation Match.
The Genesis-englis translation Match.
|------------------------------------------------------|
 
TRASLATION NO-26
The English translation Match.
The Deutsch translation Match.
The Genesis-englis translation Match.
|------------------------------------------------------|
 
TRASLATION NO-27
The English translation Match.
The Deutsch translation Match.
The Genesis-englis translation Match.
|------------------------------------------------------|
 
TRASLATION NO-28
The English translation Match.
The Deutsch translation Match.
The Genesis-englis translation Match.
|------------------------------------------------------|
 
TRASLATION NO-29
The English translation Match.
The Deutsch translation Match.
The Genesis-englis translation Match.
|------------------------------------------------------|
 
TRASLATION NO-30
The English translation Match.
The Deutsch translation Match.
The Genesis-englis translation Match.
|------------------------------------------------------|
 
TRASLATION NO-31
The English translation Match.
The Deutsch translation Match.
The Genesis-englis translation Match.
|------------------------------------------------------|
 
TRASLATION NO-32
The English translation Match.
The Deutsch translation Match.
The Genesis-englis translation Match.
|------------------------------------------------------|
 
TRASLATION NO-33
The English translation Match.
The Deutsch translation Match.
The Genesis-englis translation Match.
|------------------------------------------------------|
 
TRASLATION NO-34
The English translation Match.
The Deutsch translation Match.
The Genesis-englis translation Match.
|------------------------------------------------------|
 
TRASLATION NO-35
The English translation Match.
The Deutsch translation Match.
The Genesis-englis translation Match.
|------------------------------------------------------|
 
TRASLATION NO-36
The English translation Match.
The Deutsch translation Match.
The Genesis-englis translation Match.
|------------------------------------------------------|
 
TRASLATION NO-37
The English translation Match.
The Deutsch translation Match.
The Genesis-englis translation Match.
|------------------------------------------------------|
 
TRASLATION NO-38
The English translation Match.
The Deutsch translation Match.
The Genesis-englis translation Match.
|------------------------------------------------------|
 
TRASLATION NO-39
The English translation Match.
The Deutsch translation Match.
The Genesis-englis translation Match.
|------------------------------------------------------|
 
TRASLATION NO-40
The English translation Match.
The Deutsch translation Match.
The Genesis-englis translation Match.
|------------------------------------------------------|
 
faild traslation count  >3
faild traslation loop no  >[18, 21, 21]
Unmatched Keys:
device_device_details_service_dashboard
device_device_details_service_dashboard_image
device_device_details_service_dashboard_image
 
logout successfully. ]]>
  </system-out>
</testsuite> <!-- live.AA_TestClass -->
